Using pre-set license
Built from '2021.3/staging' branch; Version is '2021.3.9f1 (ad3870b89536) revision 11352176'; Using compiler version '192829333'; Build Type 'Release'
OS: 'Windows 10  (10.0.19045) 64bit CoreSingleLanguage' Language: 'en' Physical Memory: 16234 MB
BatchMode: 1, IsHumanControllingUs: 0, StartBugReporterOnCrash: 0, Is64bit: 1, IsPro: 1

COMMAND LINE ARGUMENTS:
C:\Program Files\Unity\Hub\Editor\2021.3.9f1\Editor\Unity.exe
-adb2
-batchMode
-noUpm
-name
AssetImportWorker0
-projectPath
C:/Users/Satawin/Documents/GitHub/3DGameDev_Project1
-logFile
Logs/AssetImportWorker0.log
-srvPort
61804
Successfully changed project path to: C:/Users/Satawin/Documents/GitHub/3DGameDev_Project1
C:/Users/Satawin/Documents/GitHub/3DGameDev_Project1
[UnityMemory] Configuration Parameters - Can be set up in boot.config
    "memorysetup-bucket-allocator-granularity=16"
    "memorysetup-bucket-allocator-bucket-count=8"
    "memorysetup-bucket-allocator-block-size=33554432"
    "memorysetup-bucket-allocator-block-count=8"
    "memorysetup-main-allocator-block-size=16777216"
    "memorysetup-thread-allocator-block-size=16777216"
    "memorysetup-gfx-main-allocator-block-size=16777216"
    "memorysetup-gfx-thread-allocator-block-size=16777216"
    "memorysetup-cache-allocator-block-size=4194304"
    "memorysetup-typetree-allocator-block-size=2097152"
    "memorysetup-profiler-bucket-allocator-granularity=16"
    "memorysetup-profiler-bucket-allocator-bucket-count=8"
    "memorysetup-profiler-bucket-allocator-block-size=33554432"
    "memorysetup-profiler-bucket-allocator-block-count=8"
    "memorysetup-profiler-allocator-block-size=16777216"
    "memorysetup-profiler-editor-allocator-block-size=1048576"
    "memorysetup-temp-allocator-size-main=16777216"
    "memorysetup-job-temp-allocator-block-size=2097152"
    "memorysetup-job-temp-allocator-block-size-background=1048576"
    "memorysetup-job-temp-allocator-reduction-small-platforms=262144"
    "memorysetup-temp-allocator-size-background-worker=32768"
    "memorysetup-temp-allocator-size-job-worker=262144"
    "memorysetup-temp-allocator-size-preload-manager=33554432"
    "memorysetup-temp-allocator-size-nav-mesh-worker=65536"
    "memorysetup-temp-allocator-size-audio-worker=65536"
    "memorysetup-temp-allocator-size-cloud-worker=32768"
    "memorysetup-temp-allocator-size-gi-baking-worker=262144"
    "memorysetup-temp-allocator-size-gfx=262144"
Refreshing native plugins compatible for Editor in 85.32 ms, found 3 plugins.
Preloading 0 native plugins for Editor in 0.00 ms.
Initialize engine version: 2021.3.9f1 (ad3870b89536)
[Subsystems] Discovering subsystems at path C:/Program Files/Unity/Hub/Editor/2021.3.9f1/Editor/Data/Resources/UnitySubsystems
[Subsystems] Discovering subsystems at path C:/Users/Satawin/Documents/GitHub/3DGameDev_Project1/Assets
GfxDevice: creating device client; threaded=0; jobified=0
Direct3D:
    Version:  Direct3D 11.0 [level 11.1]
    Renderer: NVIDIA GeForce RTX 2060 (ID=0x1f11)
    Vendor:   NVIDIA
    VRAM:     5980 MB
    Driver:   30.0.15.1278
Initialize mono
Mono path[0] = 'C:/Program Files/Unity/Hub/Editor/2021.3.9f1/Editor/Data/Managed'
Mono path[1] = 'C:/Program Files/Unity/Hub/Editor/2021.3.9f1/Editor/Data/MonoBleedingEdge/lib/mono/unityjit-win32'
Mono config path = 'C:/Program Files/Unity/Hub/Editor/2021.3.9f1/Editor/Data/MonoBleedingEdge/etc'
Using monoOptions --debugger-agent=transport=dt_socket,embedding=1,server=y,suspend=n,address=127.0.0.1:56364
Begin MonoManager ReloadAssembly
Registering precompiled unity dll's ...
Register platform support module: C:/Program Files/Unity/Hub/Editor/2021.3.9f1/Editor/Data/PlaybackEngines/WebGLSupport/UnityEditor.WebGL.Extensions.dll
Register platform support module: C:/Program Files/Unity/Hub/Editor/2021.3.9f1/Editor/Data/PlaybackEngines/WindowsStandaloneSupport/UnityEditor.WindowsStandalone.Extensions.dll
Registered in 0.013433 seconds.
Native extension for WindowsStandalone target not found
Native extension for WebGL target not found
Refreshing native plugins compatible for Editor in 84.30 ms, found 3 plugins.
Preloading 0 native plugins for Editor in 0.00 ms.
Mono: successfully reloaded assembly
- Completed reload, in  0.679 seconds
Domain Reload Profiling:
	ReloadAssembly (679ms)
		BeginReloadAssembly (82ms)
			ExecutionOrderSort (0ms)
			DisableScriptedObjects (0ms)
			BackupInstance (0ms)
			ReleaseScriptingObjects (0ms)
			CreateAndSetChildDomain (1ms)
		EndReloadAssembly (465ms)
			LoadAssemblies (79ms)
			RebuildTransferFunctionScriptingTraits (0ms)
			SetupTypeCache (107ms)
			ReleaseScriptCaches (0ms)
			RebuildScriptCaches (28ms)
			SetupLoadedEditorAssemblies (275ms)
				LogAssemblyErrors (0ms)
				InitializePlatformSupportModulesInManaged (10ms)
				SetLoadedEditorAssemblies (0ms)
				RefreshPlugins (84ms)
				BeforeProcessingInitializeOnLoad (1ms)
				ProcessInitializeOnLoadAttributes (137ms)
				ProcessInitializeOnLoadMethodAttributes (42ms)
				AfterProcessingInitializeOnLoad (0ms)
				EditorAssembliesLoaded (0ms)
			ExecutionOrderSort2 (0ms)
			AwakeInstancesAfterBackupRestoration (0ms)
Platform modules already initialized, skipping
Registering precompiled user dll's ...
Registered in 0.031055 seconds.
Begin MonoManager ReloadAssembly
Symbol file LoadedFromMemory doesn't match image C:\Users\Satawin\Documents\GitHub\3DGameDev_Project1\Library\PackageCache\com.unity.visualscripting@1.7.8\Editor\VisualScripting.Core\Dependencies\YamlDotNet\Unity.VisualScripting.YamlDotNet.dll
Symbol file LoadedFromMemory doesn't match image C:\Users\Satawin\Documents\GitHub\3DGameDev_Project1\Library\PackageCache\com.unity.visualscripting@1.7.8\Editor\VisualScripting.Core\Dependencies\DotNetZip\Unity.VisualScripting.IonicZip.dll
Native extension for WindowsStandalone target not found
Native extension for WebGL target not found
Refreshing native plugins compatible for Editor in 0.66 ms, found 3 plugins.
Preloading 0 native plugins for Editor in 0.00 ms.
Mono: successfully reloaded assembly
- Completed reload, in  1.098 seconds
Domain Reload Profiling:
	ReloadAssembly (1099ms)
		BeginReloadAssembly (120ms)
			ExecutionOrderSort (0ms)
			DisableScriptedObjects (7ms)
			BackupInstance (0ms)
			ReleaseScriptingObjects (0ms)
			CreateAndSetChildDomain (20ms)
		EndReloadAssembly (857ms)
			LoadAssemblies (90ms)
			RebuildTransferFunctionScriptingTraits (0ms)
			SetupTypeCache (256ms)
			ReleaseScriptCaches (1ms)
			RebuildScriptCaches (53ms)
			SetupLoadedEditorAssemblies (416ms)
				LogAssemblyErrors (0ms)
				InitializePlatformSupportModulesInManaged (7ms)
				SetLoadedEditorAssemblies (0ms)
				RefreshPlugins (1ms)
				BeforeProcessingInitializeOnLoad (95ms)
				ProcessInitializeOnLoadAttributes (273ms)
				ProcessInitializeOnLoadMethodAttributes (28ms)
				AfterProcessingInitializeOnLoad (11ms)
				EditorAssembliesLoaded (0ms)
			ExecutionOrderSort2 (0ms)
			AwakeInstancesAfterBackupRestoration (6ms)
Platform modules already initialized, skipping
========================================================================
Worker process is ready to serve import requests
Launched and connected shader compiler UnityShaderCompiler.exe after 0.05 seconds
Refreshing native plugins compatible for Editor in 0.67 ms, found 3 plugins.
Preloading 0 native plugins for Editor in 0.00 ms.
Unloading 3757 Unused Serialized files (Serialized files now loaded: 0)
Unloading 28 unused Assets / (163.3 KB). Loaded Objects now: 4215.
Memory consumption went from 134.0 MB to 133.8 MB.
Total: 5.535800 ms (FindLiveObjects: 0.343200 ms CreateObjectMapping: 1.011200 ms MarkObjects: 4.006300 ms  DeleteObjects: 0.173700 ms)

AssetImportParameters requested are different than current active one (requested -> active):
  custom:video-decoder-ogg-theora: a1e56fd34408186e4bbccfd4996cb3dc -> 
  custom:container-muxer-webm: aa71ff27fc2769a1b78a27578f13a17b -> 
  custom:container-demuxer-webm: 4f35f7cbe854078d1ac9338744f61a02 -> 
  custom:video-encoder-webm-vp8: eb34c28f22e8b96e1ab97ce403110664 -> 
  custom:video-codec-MediaFoundation-h265: 746d11721c4dcdbdad8f713fa42b33f4 -> 
  custom:audio-encoder-webm-vorbis: bf7c407c2cedff20999df2af8eb42d56 -> 
  custom:framework-win-MediaFoundation: 216162199b28c13a410421893ffa2e32 -> 
  custom:container-demuxer-ogg: 62fdf1f143b41e24485cea50d1cbac27 -> 
  custom:video-decoder-webm-vp8: 9c59270c3fd7afecdb556c50c9e8de78 -> 
  custom:audio-decoder-ogg-vorbis: bf7c407c2cedff20999df2af8eb42d56 -> 
========================================================================
Received Import Request.
  Time since last request: 47136.801763 seconds.
  path: Assets/Old Cabinet
  artifactKey: Guid(46598c1a73101724098af82c809a2c32) Importer(815301076,1909f56bfc062723c751e8b465ee728b)
Start importing Assets/Old Cabinet using Guid(46598c1a73101724098af82c809a2c32) Importer(815301076,1909f56bfc062723c751e8b465ee728b)  -> (artifact id: '898a241c50158a8496f50b70d043bb7f') in 0.007744 seconds 
========================================================================
Received Import Request.
  Time since last request: 0.000019 seconds.
  path: Assets/Old Cabinet/Prefabs
  artifactKey: Guid(b5fe4dbab1b8d2b47834e9e3669e21d3) Importer(815301076,1909f56bfc062723c751e8b465ee728b)
Start importing Assets/Old Cabinet/Prefabs using Guid(b5fe4dbab1b8d2b47834e9e3669e21d3) Importer(815301076,1909f56bfc062723c751e8b465ee728b)  -> (artifact id: 'fad6e61fcacc98d4488b90f753785582') in 0.003847 seconds 
========================================================================
Received Import Request.
  Time since last request: 6.910763 seconds.
  path: Assets/Old Cabinet/Prefabs/SM_cabinet.prefab
  artifactKey: Guid(4995dd91264436a49863978e55f96784) Importer(815301076,1909f56bfc062723c751e8b465ee728b)
Start importing Assets/Old Cabinet/Prefabs/SM_cabinet.prefab using Guid(4995dd91264436a49863978e55f96784) Importer(815301076,1909f56bfc062723c751e8b465ee728b)  -> (artifact id: '7e1180ace1b71c17f9e0221f14c10115') in 0.183884 seconds 
========================================================================
Received Import Request.
  Time since last request: 6.939824 seconds.
  path: Assets/Old Cabinet/Textures
  artifactKey: Guid(92a6e581a553fb942be6d8a98013e545) Importer(815301076,1909f56bfc062723c751e8b465ee728b)
Start importing Assets/Old Cabinet/Textures using Guid(92a6e581a553fb942be6d8a98013e545) Importer(815301076,1909f56bfc062723c751e8b465ee728b)  -> (artifact id: '06cd2c453a6434fe002b2c0391a4c94a') in 0.005034 seconds 
========================================================================
Received Import Request.
  Time since last request: 0.057063 seconds.
  path: Assets/Old Cabinet/Textures/T_cabinet_AlbedoTransparency.tga
  artifactKey: Guid(1c4d6d5c8508a73448f32cb2b63b5ff0) Importer(815301076,1909f56bfc062723c751e8b465ee728b)
Start importing Assets/Old Cabinet/Textures/T_cabinet_AlbedoTransparency.tga using Guid(1c4d6d5c8508a73448f32cb2b63b5ff0) Importer(815301076,1909f56bfc062723c751e8b465ee728b)  -> (artifact id: '22667dc23e418e559efbb65b210654bf') in 0.022686 seconds 
========================================================================
Received Import Request.
  Time since last request: 0.669779 seconds.
  path: Assets/Old Cabinet/Textures/T_cabinet_glass_MetallicSmoothness.tga
  artifactKey: Guid(72d844f69b09d2f42a8d5f42d070e930) Importer(815301076,1909f56bfc062723c751e8b465ee728b)
Start importing Assets/Old Cabinet/Textures/T_cabinet_glass_MetallicSmoothness.tga using Guid(72d844f69b09d2f42a8d5f42d070e930) Importer(815301076,1909f56bfc062723c751e8b465ee728b)  -> (artifact id: '67c3ab7fa769c1c3ee42da96113a3704') in 0.029713 seconds 
========================================================================
Received Import Request.
  Time since last request: 0.000020 seconds.
  path: Assets/Old Cabinet/Textures/T_cabinet_Normal.tga
  artifactKey: Guid(77036fcee156e9b428343bde02dd348e) Importer(815301076,1909f56bfc062723c751e8b465ee728b)
Start importing Assets/Old Cabinet/Textures/T_cabinet_Normal.tga using Guid(77036fcee156e9b428343bde02dd348e) Importer(815301076,1909f56bfc062723c751e8b465ee728b)  -> (artifact id: '843e6e0a6c2f8e360de7df3870d70f99') in 0.032603 seconds 
========================================================================
Received Import Request.
  Time since last request: 0.000023 seconds.
  path: Assets/Old Cabinet/Textures/T_cabinet_MetallicSmoothness.png
  artifactKey: Guid(3b44872c091be1d4b813cbb1278be56f) Importer(815301076,1909f56bfc062723c751e8b465ee728b)
Start importing Assets/Old Cabinet/Textures/T_cabinet_MetallicSmoothness.png using Guid(3b44872c091be1d4b813cbb1278be56f) Importer(815301076,1909f56bfc062723c751e8b465ee728b)  -> (artifact id: '055494fa7b689927bcdfe13be4b6d7f9') in 0.059445 seconds 
========================================================================
Received Import Request.
  Time since last request: 63.408027 seconds.
  path: Assets/Old Cabinet/Materials/M_cabinet_glass.mat
  artifactKey: Guid(cf22011104c400d4a97e6d3b2e92b558) Importer(815301076,1909f56bfc062723c751e8b465ee728b)
Start importing Assets/Old Cabinet/Materials/M_cabinet_glass.mat using Guid(cf22011104c400d4a97e6d3b2e92b558) Importer(815301076,1909f56bfc062723c751e8b465ee728b)  -> (artifact id: '78b4517f9c5b05d97044ee938bdb0acc') in 0.057292 seconds 
========================================================================
Received Import Request.
  Time since last request: 0.635483 seconds.
  path: Assets/Old Cabinet/Materials/Skybox_Mat.mat
  artifactKey: Guid(0ffaa0b7117ba8c47a9d05ae701d4b4d) Importer(815301076,1909f56bfc062723c751e8b465ee728b)
Start importing Assets/Old Cabinet/Materials/Skybox_Mat.mat using Guid(0ffaa0b7117ba8c47a9d05ae701d4b4d) Importer(815301076,1909f56bfc062723c751e8b465ee728b)  -> (artifact id: 'b7a8c0221ad0765f18127a5731006a45') in 0.156240 seconds 
========================================================================
Received Import Request.
  Time since last request: 0.000024 seconds.
  path: Assets/Old Cabinet/Materials/T_cabinet_glass_AO.mat
  artifactKey: Guid(1bf38bda7f21be547a1e60f3648a746e) Importer(815301076,1909f56bfc062723c751e8b465ee728b)
Start importing Assets/Old Cabinet/Materials/T_cabinet_glass_AO.mat using Guid(1bf38bda7f21be547a1e60f3648a746e) Importer(815301076,1909f56bfc062723c751e8b465ee728b)  -> (artifact id: 'ff4769ede0770a1124ad85388b808850') in 0.026796 seconds 
========================================================================
Received Import Request.
  Time since last request: 0.000086 seconds.
  path: Assets/Old Cabinet/Materials/T_cabinet_MetallicSmoothness.mat
  artifactKey: Guid(657964b0bf4a5b1438dd67936f7f25d9) Importer(815301076,1909f56bfc062723c751e8b465ee728b)
Start importing Assets/Old Cabinet/Materials/T_cabinet_MetallicSmoothness.mat using Guid(657964b0bf4a5b1438dd67936f7f25d9) Importer(815301076,1909f56bfc062723c751e8b465ee728b)  -> (artifact id: '2f4287d9240f8d3e812cfd195ae5cb94') in 0.020218 seconds 
Editor requested this worker to shutdown with reason: Scaling down because of idle timeout
AssetImportWorker is now disconnected from the server
Process exiting
Exiting without the bug reporter. Application will terminate with return code 0