Using pre-set license
Built from '2021.3/staging' branch; Version is '2021.3.9f1 (ad3870b89536) revision 11352176'; Using compiler version '192829333'; Build Type 'Release'
OS: 'Windows 10  (10.0.19045) 64bit CoreSingleLanguage' Language: 'en' Physical Memory: 16234 MB
BatchMode: 1, IsHumanControllingUs: 0, StartBugReporterOnCrash: 0, Is64bit: 1, IsPro: 1

COMMAND LINE ARGUMENTS:
C:\Program Files\Unity\Hub\Editor\2021.3.9f1\Editor\Unity.exe
-adb2
-batchMode
-noUpm
-name
AssetImportWorker1
-projectPath
C:/Users/Satawin/Documents/GitHub/3DGameDev_Project1
-logFile
Logs/AssetImportWorker1.log
-srvPort
59904
Successfully changed project path to: C:/Users/Satawin/Documents/GitHub/3DGameDev_Project1
C:/Users/Satawin/Documents/GitHub/3DGameDev_Project1
[UnityMemory] Configuration Parameters - Can be set up in boot.config
    "memorysetup-bucket-allocator-granularity=16"
    "memorysetup-bucket-allocator-bucket-count=8"
    "memorysetup-bucket-allocator-block-size=33554432"
    "memorysetup-bucket-allocator-block-count=8"
    "memorysetup-main-allocator-block-size=16777216"
    "memorysetup-thread-allocator-block-size=16777216"
    "memorysetup-gfx-main-allocator-block-size=16777216"
    "memorysetup-gfx-thread-allocator-block-size=16777216"
    "memorysetup-cache-allocator-block-size=4194304"
    "memorysetup-typetree-allocator-block-size=2097152"
    "memorysetup-profiler-bucket-allocator-granularity=16"
    "memorysetup-profiler-bucket-allocator-bucket-count=8"
    "memorysetup-profiler-bucket-allocator-block-size=33554432"
    "memorysetup-profiler-bucket-allocator-block-count=8"
    "memorysetup-profiler-allocator-block-size=16777216"
    "memorysetup-profiler-editor-allocator-block-size=1048576"
    "memorysetup-temp-allocator-size-main=16777216"
    "memorysetup-job-temp-allocator-block-size=2097152"
    "memorysetup-job-temp-allocator-block-size-background=1048576"
    "memorysetup-job-temp-allocator-reduction-small-platforms=262144"
    "memorysetup-temp-allocator-size-background-worker=32768"
    "memorysetup-temp-allocator-size-job-worker=262144"
    "memorysetup-temp-allocator-size-preload-manager=33554432"
    "memorysetup-temp-allocator-size-nav-mesh-worker=65536"
    "memorysetup-temp-allocator-size-audio-worker=65536"
    "memorysetup-temp-allocator-size-cloud-worker=32768"
    "memorysetup-temp-allocator-size-gi-baking-worker=262144"
    "memorysetup-temp-allocator-size-gfx=262144"
Refreshing native plugins compatible for Editor in 90.22 ms, found 3 plugins.
Preloading 0 native plugins for Editor in 0.00 ms.
Initialize engine version: 2021.3.9f1 (ad3870b89536)
[Subsystems] Discovering subsystems at path C:/Program Files/Unity/Hub/Editor/2021.3.9f1/Editor/Data/Resources/UnitySubsystems
[Subsystems] Discovering subsystems at path C:/Users/Satawin/Documents/GitHub/3DGameDev_Project1/Assets
GfxDevice: creating device client; threaded=0; jobified=0
Direct3D:
    Version:  Direct3D 11.0 [level 11.1]
    Renderer: NVIDIA GeForce RTX 2060 (ID=0x1f11)
    Vendor:   NVIDIA
    VRAM:     5980 MB
    Driver:   30.0.15.1278
Initialize mono
Mono path[0] = 'C:/Program Files/Unity/Hub/Editor/2021.3.9f1/Editor/Data/Managed'
Mono path[1] = 'C:/Program Files/Unity/Hub/Editor/2021.3.9f1/Editor/Data/MonoBleedingEdge/lib/mono/unityjit-win32'
Mono config path = 'C:/Program Files/Unity/Hub/Editor/2021.3.9f1/Editor/Data/MonoBleedingEdge/etc'
Using monoOptions --debugger-agent=transport=dt_socket,embedding=1,server=y,suspend=n,address=127.0.0.1:56508
Begin MonoManager ReloadAssembly
Registering precompiled unity dll's ...
Register platform support module: C:/Program Files/Unity/Hub/Editor/2021.3.9f1/Editor/Data/PlaybackEngines/WebGLSupport/UnityEditor.WebGL.Extensions.dll
Register platform support module: C:/Program Files/Unity/Hub/Editor/2021.3.9f1/Editor/Data/PlaybackEngines/WindowsStandaloneSupport/UnityEditor.WindowsStandalone.Extensions.dll
Registered in 0.009413 seconds.
Native extension for WindowsStandalone target not found
Native extension for WebGL target not found
Refreshing native plugins compatible for Editor in 84.37 ms, found 3 plugins.
Preloading 0 native plugins for Editor in 0.00 ms.
Mono: successfully reloaded assembly
- Completed reload, in  0.682 seconds
Domain Reload Profiling:
	ReloadAssembly (682ms)
		BeginReloadAssembly (74ms)
			ExecutionOrderSort (0ms)
			DisableScriptedObjects (0ms)
			BackupInstance (0ms)
			ReleaseScriptingObjects (0ms)
			CreateAndSetChildDomain (1ms)
		EndReloadAssembly (489ms)
			LoadAssemblies (71ms)
			RebuildTransferFunctionScriptingTraits (0ms)
			SetupTypeCache (119ms)
			ReleaseScriptCaches (0ms)
			RebuildScriptCaches (27ms)
			SetupLoadedEditorAssemblies (286ms)
				LogAssemblyErrors (0ms)
				InitializePlatformSupportModulesInManaged (10ms)
				SetLoadedEditorAssemblies (0ms)
				RefreshPlugins (84ms)
				BeforeProcessingInitializeOnLoad (1ms)
				ProcessInitializeOnLoadAttributes (147ms)
				ProcessInitializeOnLoadMethodAttributes (43ms)
				AfterProcessingInitializeOnLoad (0ms)
				EditorAssembliesLoaded (0ms)
			ExecutionOrderSort2 (0ms)
			AwakeInstancesAfterBackupRestoration (0ms)
Platform modules already initialized, skipping
Registering precompiled user dll's ...
Registered in 0.006928 seconds.
Begin MonoManager ReloadAssembly
Symbol file LoadedFromMemory doesn't match image C:\Users\Satawin\Documents\GitHub\3DGameDev_Project1\Library\PackageCache\com.unity.visualscripting@1.7.8\Editor\VisualScripting.Core\Dependencies\YamlDotNet\Unity.VisualScripting.YamlDotNet.dll
Symbol file LoadedFromMemory doesn't match image C:\Users\Satawin\Documents\GitHub\3DGameDev_Project1\Library\PackageCache\com.unity.visualscripting@1.7.8\Editor\VisualScripting.Core\Dependencies\DotNetZip\Unity.VisualScripting.IonicZip.dll
Native extension for WindowsStandalone target not found
Native extension for WebGL target not found
Refreshing native plugins compatible for Editor in 0.61 ms, found 3 plugins.
Preloading 0 native plugins for Editor in 0.00 ms.
Mono: successfully reloaded assembly
- Completed reload, in  1.099 seconds
Domain Reload Profiling:
	ReloadAssembly (1100ms)
		BeginReloadAssembly (108ms)
			ExecutionOrderSort (0ms)
			DisableScriptedObjects (6ms)
			BackupInstance (0ms)
			ReleaseScriptingObjects (0ms)
			CreateAndSetChildDomain (18ms)
		EndReloadAssembly (872ms)
			LoadAssemblies (84ms)
			RebuildTransferFunctionScriptingTraits (0ms)
			SetupTypeCache (282ms)
			ReleaseScriptCaches (1ms)
			RebuildScriptCaches (50ms)
			SetupLoadedEditorAssemblies (415ms)
				LogAssemblyErrors (0ms)
				InitializePlatformSupportModulesInManaged (7ms)
				SetLoadedEditorAssemblies (0ms)
				RefreshPlugins (1ms)
				BeforeProcessingInitializeOnLoad (100ms)
				ProcessInitializeOnLoadAttributes (268ms)
				ProcessInitializeOnLoadMethodAttributes (28ms)
				AfterProcessingInitializeOnLoad (10ms)
				EditorAssembliesLoaded (0ms)
			ExecutionOrderSort2 (0ms)
			AwakeInstancesAfterBackupRestoration (6ms)
Platform modules already initialized, skipping
========================================================================
Worker process is ready to serve import requests
Launched and connected shader compiler UnityShaderCompiler.exe after 0.05 seconds
Refreshing native plugins compatible for Editor in 1.26 ms, found 3 plugins.
Preloading 0 native plugins for Editor in 0.00 ms.
Unloading 3757 Unused Serialized files (Serialized files now loaded: 0)
Unloading 28 unused Assets / (163.3 KB). Loaded Objects now: 4215.
Memory consumption went from 134.0 MB to 133.8 MB.
Total: 3.506100 ms (FindLiveObjects: 0.369700 ms CreateObjectMapping: 0.263400 ms MarkObjects: 2.734400 ms  DeleteObjects: 0.137800 ms)

AssetImportParameters requested are different than current active one (requested -> active):
  custom:video-decoder-ogg-theora: a1e56fd34408186e4bbccfd4996cb3dc -> 
  custom:container-muxer-webm: aa71ff27fc2769a1b78a27578f13a17b -> 
  custom:container-demuxer-webm: 4f35f7cbe854078d1ac9338744f61a02 -> 
  custom:video-encoder-webm-vp8: eb34c28f22e8b96e1ab97ce403110664 -> 
  custom:video-codec-MediaFoundation-h265: 746d11721c4dcdbdad8f713fa42b33f4 -> 
  custom:audio-encoder-webm-vorbis: bf7c407c2cedff20999df2af8eb42d56 -> 
  custom:framework-win-MediaFoundation: 216162199b28c13a410421893ffa2e32 -> 
  custom:container-demuxer-ogg: 62fdf1f143b41e24485cea50d1cbac27 -> 
  custom:video-decoder-webm-vp8: 9c59270c3fd7afecdb556c50c9e8de78 -> 
  custom:audio-decoder-ogg-vorbis: bf7c407c2cedff20999df2af8eb42d56 -> 
========================================================================
Received Import Request.
  Time since last request: 725094.320511 seconds.
  path: Assets/AdventureForge/Geometry/Industrial Cabinets and Shelves/MetalCabinet01/MetalCabinetOpen02.fbx
  artifactKey: Guid(09fd826f68fbfa548b1161b5bf4e738b) Importer(815301076,1909f56bfc062723c751e8b465ee728b)
Start importing Assets/AdventureForge/Geometry/Industrial Cabinets and Shelves/MetalCabinet01/MetalCabinetOpen02.fbx using Guid(09fd826f68fbfa548b1161b5bf4e738b) Importer(815301076,1909f56bfc062723c751e8b465ee728b)  -> (artifact id: '47eb7c78af3991adacca5aa1f5213f7b') in 0.209252 seconds 
========================================================================
Received Import Request.
  Time since last request: 1.216730 seconds.
  path: Assets/AdventureForge/Geometry/Industrial Cabinets and Shelves/MetalCabinet01/Materials/MetalCabientCornersupportMA.mat
  artifactKey: Guid(ffe534a5d24f63640b89c7339f6a0ead) Importer(815301076,1909f56bfc062723c751e8b465ee728b)
Start importing Assets/AdventureForge/Geometry/Industrial Cabinets and Shelves/MetalCabinet01/Materials/MetalCabientCornersupportMA.mat using Guid(ffe534a5d24f63640b89c7339f6a0ead) Importer(815301076,1909f56bfc062723c751e8b465ee728b)  -> (artifact id: 'bfefad47e2a90f6a7617b66c5c838f4e') in 0.054229 seconds 
========================================================================
Received Import Request.
  Time since last request: 0.694953 seconds.
  path: Assets/AdventureForge/Geometry/Industrial Cabinets and Shelves/MetalCabinet01/Materials/MetalCabinetDoorsMA_CleanRed_AO.mat
  artifactKey: Guid(017e78467b58af4478c6a9f6fe021f47) Importer(815301076,1909f56bfc062723c751e8b465ee728b)
Start importing Assets/AdventureForge/Geometry/Industrial Cabinets and Shelves/MetalCabinet01/Materials/MetalCabinetDoorsMA_CleanRed_AO.mat using Guid(017e78467b58af4478c6a9f6fe021f47) Importer(815301076,1909f56bfc062723c751e8b465ee728b)  -> (artifact id: '018a06d413efa0395b92a5bab8edd928') in 0.031355 seconds 
========================================================================
Received Import Request.
  Time since last request: 0.000018 seconds.
  path: Assets/AdventureForge/Geometry/Industrial Cabinets and Shelves/MetalCabinet01/Materials/MetalCabinetDoorsMA.mat
  artifactKey: Guid(0c76aea6b4096b544beb74f610fcf6fc) Importer(815301076,1909f56bfc062723c751e8b465ee728b)
Start importing Assets/AdventureForge/Geometry/Industrial Cabinets and Shelves/MetalCabinet01/Materials/MetalCabinetDoorsMA.mat using Guid(0c76aea6b4096b544beb74f610fcf6fc) Importer(815301076,1909f56bfc062723c751e8b465ee728b)  -> (artifact id: '72b9349351b9c904396b13442ff7683c') in 0.031170 seconds 
========================================================================
Received Import Request.
  Time since last request: 0.000023 seconds.
  path: Assets/AdventureForge/Geometry/Industrial Cabinets and Shelves/MetalCabinet01/Materials/MetalCabinetHandlesMA.mat
  artifactKey: Guid(0036b81c0a049ff4b8c60543c02115ae) Importer(815301076,1909f56bfc062723c751e8b465ee728b)
Start importing Assets/AdventureForge/Geometry/Industrial Cabinets and Shelves/MetalCabinet01/Materials/MetalCabinetHandlesMA.mat using Guid(0036b81c0a049ff4b8c60543c02115ae) Importer(815301076,1909f56bfc062723c751e8b465ee728b)  -> (artifact id: 'edc00d476d55790c0ea581cccec124c9') in 0.028947 seconds 
========================================================================
Received Import Request.
  Time since last request: 5.642463 seconds.
  path: Assets/AdventureForge/Geometry/Industrial Cabinets and Shelves/MetalCabinet01/Materials/CleanRed/512/MetalCabinetBodyMA512.mat
  artifactKey: Guid(996e20e89835f6d49b7e3d62fa826af4) Importer(815301076,1909f56bfc062723c751e8b465ee728b)
Start importing Assets/AdventureForge/Geometry/Industrial Cabinets and Shelves/MetalCabinet01/Materials/CleanRed/512/MetalCabinetBodyMA512.mat using Guid(996e20e89835f6d49b7e3d62fa826af4) Importer(815301076,1909f56bfc062723c751e8b465ee728b)  -> (artifact id: '58ccc200297edea50460dcede9f8e4dd') in 0.292647 seconds 
========================================================================
Received Import Request.
  Time since last request: 0.000022 seconds.
  path: Assets/AdventureForge/Geometry/Industrial Cabinets and Shelves/MetalCabinet01/Materials/CleanRed/512/MetalCabinetDoorsMA512.mat
  artifactKey: Guid(f5e5e117bc372d643b68bc30d11f5685) Importer(815301076,1909f56bfc062723c751e8b465ee728b)
Start importing Assets/AdventureForge/Geometry/Industrial Cabinets and Shelves/MetalCabinet01/Materials/CleanRed/512/MetalCabinetDoorsMA512.mat using Guid(f5e5e117bc372d643b68bc30d11f5685) Importer(815301076,1909f56bfc062723c751e8b465ee728b)  -> (artifact id: 'e2ced4be2bbbc81968519113fc6e993a') in 0.027053 seconds 
========================================================================
Received Import Request.
  Time since last request: 0.000027 seconds.
  path: Assets/AdventureForge/Geometry/Industrial Cabinets and Shelves/MetalCabinet01/Materials/CleanRed/512/MetalCabinetSupportMA512.mat
  artifactKey: Guid(bef94833a8830a2418e87a53b2c18f7a) Importer(815301076,1909f56bfc062723c751e8b465ee728b)
Start importing Assets/AdventureForge/Geometry/Industrial Cabinets and Shelves/MetalCabinet01/Materials/CleanRed/512/MetalCabinetSupportMA512.mat using Guid(bef94833a8830a2418e87a53b2c18f7a) Importer(815301076,1909f56bfc062723c751e8b465ee728b)  -> (artifact id: '0240e426e2c9019daf7d1d0b63d13d70') in 0.030219 seconds 
