Using pre-set license
Built from '2021.3/staging' branch; Version is '2021.3.9f1 (ad3870b89536) revision 11352176'; Using compiler version '192829333'; Build Type 'Release'
OS: 'Windows 10  (10.0.19045) 64bit CoreSingleLanguage' Language: 'en' Physical Memory: 16234 MB
BatchMode: 1, IsHumanControllingUs: 0, StartBugReporterOnCrash: 0, Is64bit: 1, IsPro: 1

COMMAND LINE ARGUMENTS:
C:\Program Files\Unity\Hub\Editor\2021.3.9f1\Editor\Unity.exe
-adb2
-batchMode
-noUpm
-name
AssetImportWorker2
-projectPath
C:/Users/Satawin/Documents/GitHub/3DGameDev_Project1
-logFile
Logs/AssetImportWorker2.log
-srvPort
65278
Successfully changed project path to: C:/Users/Satawin/Documents/GitHub/3DGameDev_Project1
C:/Users/Satawin/Documents/GitHub/3DGameDev_Project1
[UnityMemory] Configuration Parameters - Can be set up in boot.config
    "memorysetup-bucket-allocator-granularity=16"
    "memorysetup-bucket-allocator-bucket-count=8"
    "memorysetup-bucket-allocator-block-size=33554432"
    "memorysetup-bucket-allocator-block-count=8"
    "memorysetup-main-allocator-block-size=16777216"
    "memorysetup-thread-allocator-block-size=16777216"
    "memorysetup-gfx-main-allocator-block-size=16777216"
    "memorysetup-gfx-thread-allocator-block-size=16777216"
    "memorysetup-cache-allocator-block-size=4194304"
    "memorysetup-typetree-allocator-block-size=2097152"
    "memorysetup-profiler-bucket-allocator-granularity=16"
    "memorysetup-profiler-bucket-allocator-bucket-count=8"
    "memorysetup-profiler-bucket-allocator-block-size=33554432"
    "memorysetup-profiler-bucket-allocator-block-count=8"
    "memorysetup-profiler-allocator-block-size=16777216"
    "memorysetup-profiler-editor-allocator-block-size=1048576"
    "memorysetup-temp-allocator-size-main=16777216"
    "memorysetup-job-temp-allocator-block-size=2097152"
    "memorysetup-job-temp-allocator-block-size-background=1048576"
    "memorysetup-job-temp-allocator-reduction-small-platforms=262144"
    "memorysetup-temp-allocator-size-background-worker=32768"
    "memorysetup-temp-allocator-size-job-worker=262144"
    "memorysetup-temp-allocator-size-preload-manager=33554432"
    "memorysetup-temp-allocator-size-nav-mesh-worker=65536"
    "memorysetup-temp-allocator-size-audio-worker=65536"
    "memorysetup-temp-allocator-size-cloud-worker=32768"
    "memorysetup-temp-allocator-size-gi-baking-worker=262144"
    "memorysetup-temp-allocator-size-gfx=262144"
Refreshing native plugins compatible for Editor in 94.15 ms, found 3 plugins.
Preloading 0 native plugins for Editor in 0.00 ms.
Initialize engine version: 2021.3.9f1 (ad3870b89536)
[Subsystems] Discovering subsystems at path C:/Program Files/Unity/Hub/Editor/2021.3.9f1/Editor/Data/Resources/UnitySubsystems
[Subsystems] Discovering subsystems at path C:/Users/Satawin/Documents/GitHub/3DGameDev_Project1/Assets
GfxDevice: creating device client; threaded=0; jobified=0
Direct3D:
    Version:  Direct3D 11.0 [level 11.1]
    Renderer: NVIDIA GeForce RTX 2060 (ID=0x1f11)
    Vendor:   NVIDIA
    VRAM:     5980 MB
    Driver:   30.0.15.1278
Initialize mono
Mono path[0] = 'C:/Program Files/Unity/Hub/Editor/2021.3.9f1/Editor/Data/Managed'
Mono path[1] = 'C:/Program Files/Unity/Hub/Editor/2021.3.9f1/Editor/Data/MonoBleedingEdge/lib/mono/unityjit-win32'
Mono config path = 'C:/Program Files/Unity/Hub/Editor/2021.3.9f1/Editor/Data/MonoBleedingEdge/etc'
Using monoOptions --debugger-agent=transport=dt_socket,embedding=1,server=y,suspend=n,address=127.0.0.1:56808
Begin MonoManager ReloadAssembly
Registering precompiled unity dll's ...
Register platform support module: C:/Program Files/Unity/Hub/Editor/2021.3.9f1/Editor/Data/PlaybackEngines/WebGLSupport/UnityEditor.WebGL.Extensions.dll
Register platform support module: C:/Program Files/Unity/Hub/Editor/2021.3.9f1/Editor/Data/PlaybackEngines/WindowsStandaloneSupport/UnityEditor.WindowsStandalone.Extensions.dll
Registered in 0.009780 seconds.
Native extension for WindowsStandalone target not found
Native extension for WebGL target not found
Refreshing native plugins compatible for Editor in 79.30 ms, found 3 plugins.
Preloading 0 native plugins for Editor in 0.00 ms.
Mono: successfully reloaded assembly
- Completed reload, in  0.658 seconds
Domain Reload Profiling:
	ReloadAssembly (659ms)
		BeginReloadAssembly (92ms)
			ExecutionOrderSort (0ms)
			DisableScriptedObjects (0ms)
			BackupInstance (0ms)
			ReleaseScriptingObjects (0ms)
			CreateAndSetChildDomain (1ms)
		EndReloadAssembly (453ms)
			LoadAssemblies (87ms)
			RebuildTransferFunctionScriptingTraits (0ms)
			SetupTypeCache (100ms)
			ReleaseScriptCaches (0ms)
			RebuildScriptCaches (28ms)
			SetupLoadedEditorAssemblies (274ms)
				LogAssemblyErrors (0ms)
				InitializePlatformSupportModulesInManaged (9ms)
				SetLoadedEditorAssemblies (0ms)
				RefreshPlugins (79ms)
				BeforeProcessingInitializeOnLoad (1ms)
				ProcessInitializeOnLoadAttributes (141ms)
				ProcessInitializeOnLoadMethodAttributes (43ms)
				AfterProcessingInitializeOnLoad (0ms)
				EditorAssembliesLoaded (0ms)
			ExecutionOrderSort2 (0ms)
			AwakeInstancesAfterBackupRestoration (0ms)
Platform modules already initialized, skipping
Registering precompiled user dll's ...
Registered in 0.007076 seconds.
Begin MonoManager ReloadAssembly
Symbol file LoadedFromMemory doesn't match image C:\Users\Satawin\Documents\GitHub\3DGameDev_Project1\Library\PackageCache\com.unity.visualscripting@1.7.8\Editor\VisualScripting.Core\Dependencies\YamlDotNet\Unity.VisualScripting.YamlDotNet.dll
Symbol file LoadedFromMemory doesn't match image C:\Users\Satawin\Documents\GitHub\3DGameDev_Project1\Library\PackageCache\com.unity.visualscripting@1.7.8\Editor\VisualScripting.Core\Dependencies\DotNetZip\Unity.VisualScripting.IonicZip.dll
Native extension for WindowsStandalone target not found
Native extension for WebGL target not found
Refreshing native plugins compatible for Editor in 0.71 ms, found 3 plugins.
Preloading 0 native plugins for Editor in 0.00 ms.
Mono: successfully reloaded assembly
- Completed reload, in  1.028 seconds
Domain Reload Profiling:
	ReloadAssembly (1028ms)
		BeginReloadAssembly (107ms)
			ExecutionOrderSort (0ms)
			DisableScriptedObjects (6ms)
			BackupInstance (0ms)
			ReleaseScriptingObjects (0ms)
			CreateAndSetChildDomain (17ms)
		EndReloadAssembly (802ms)
			LoadAssemblies (83ms)
			RebuildTransferFunctionScriptingTraits (0ms)
			SetupTypeCache (254ms)
			ReleaseScriptCaches (1ms)
			RebuildScriptCaches (49ms)
			SetupLoadedEditorAssemblies (376ms)
				LogAssemblyErrors (0ms)
				InitializePlatformSupportModulesInManaged (7ms)
				SetLoadedEditorAssemblies (0ms)
				RefreshPlugins (1ms)
				BeforeProcessingInitializeOnLoad (93ms)
				ProcessInitializeOnLoadAttributes (238ms)
				ProcessInitializeOnLoadMethodAttributes (26ms)
				AfterProcessingInitializeOnLoad (10ms)
				EditorAssembliesLoaded (0ms)
			ExecutionOrderSort2 (0ms)
			AwakeInstancesAfterBackupRestoration (5ms)
Platform modules already initialized, skipping
========================================================================
Worker process is ready to serve import requests
Launched and connected shader compiler UnityShaderCompiler.exe after 0.04 seconds
Refreshing native plugins compatible for Editor in 0.61 ms, found 3 plugins.
Preloading 0 native plugins for Editor in 0.00 ms.
Unloading 3757 Unused Serialized files (Serialized files now loaded: 0)
Unloading 28 unused Assets / (147.4 KB). Loaded Objects now: 4217.
Memory consumption went from 134.3 MB to 134.2 MB.
Total: 3.531700 ms (FindLiveObjects: 0.277500 ms CreateObjectMapping: 0.195100 ms MarkObjects: 2.939900 ms  DeleteObjects: 0.118400 ms)

AssetImportParameters requested are different than current active one (requested -> active):
  custom:video-decoder-ogg-theora: a1e56fd34408186e4bbccfd4996cb3dc -> 
  custom:container-muxer-webm: aa71ff27fc2769a1b78a27578f13a17b -> 
  custom:container-demuxer-webm: 4f35f7cbe854078d1ac9338744f61a02 -> 
  custom:video-encoder-webm-vp8: eb34c28f22e8b96e1ab97ce403110664 -> 
  custom:video-codec-MediaFoundation-h265: 746d11721c4dcdbdad8f713fa42b33f4 -> 
  custom:audio-encoder-webm-vorbis: bf7c407c2cedff20999df2af8eb42d56 -> 
  custom:framework-win-MediaFoundation: 216162199b28c13a410421893ffa2e32 -> 
  custom:container-demuxer-ogg: 62fdf1f143b41e24485cea50d1cbac27 -> 
  custom:video-decoder-webm-vp8: 9c59270c3fd7afecdb556c50c9e8de78 -> 
  custom:audio-decoder-ogg-vorbis: bf7c407c2cedff20999df2af8eb42d56 -> 
========================================================================
Received Import Request.
  Time since last request: 140694.871368 seconds.
  path: Assets/Furniture Models/Coffee Table
  artifactKey: Guid(5f4d365fdd2c5a24888e350351b8cfc8) Importer(815301076,1909f56bfc062723c751e8b465ee728b)
Start importing Assets/Furniture Models/Coffee Table using Guid(5f4d365fdd2c5a24888e350351b8cfc8) Importer(815301076,1909f56bfc062723c751e8b465ee728b)  -> (artifact id: '8604e0a6f62d5601960e3d7026b4bf13') in 0.016354 seconds 
========================================================================
Received Import Request.
  Time since last request: 0.041042 seconds.
  path: Assets/Furniture Models/Coffee Table/Coffee Table.prefab
  artifactKey: Guid(92836ed989c97eb4eb5f2800133b76a4) Importer(815301076,1909f56bfc062723c751e8b465ee728b)
Start importing Assets/Furniture Models/Coffee Table/Coffee Table.prefab using Guid(92836ed989c97eb4eb5f2800133b76a4) Importer(815301076,1909f56bfc062723c751e8b465ee728b)  -> (artifact id: '77146f815c50eefd38d1480642b69250') in 0.159420 seconds 
========================================================================
Received Import Request.
  Time since last request: 36.337700 seconds.
  path: Assets/Furniture Models/Coffee Table 2
  artifactKey: Guid(6a97745efcd8fa943b150212e4814719) Importer(815301076,1909f56bfc062723c751e8b465ee728b)
Start importing Assets/Furniture Models/Coffee Table 2 using Guid(6a97745efcd8fa943b150212e4814719) Importer(815301076,1909f56bfc062723c751e8b465ee728b)  -> (artifact id: '904f0a3e399a2a4f711f507f581b917b') in 0.007090 seconds 
========================================================================
Received Import Request.
  Time since last request: 0.107662 seconds.
  path: Assets/Furniture Models/Coffee Table 2/Coffee Table2.prefab
  artifactKey: Guid(ffeadae81dd7c7045a7813e94165ea54) Importer(815301076,1909f56bfc062723c751e8b465ee728b)
Start importing Assets/Furniture Models/Coffee Table 2/Coffee Table2.prefab using Guid(ffeadae81dd7c7045a7813e94165ea54) Importer(815301076,1909f56bfc062723c751e8b465ee728b)  -> (artifact id: '86650d970fa82611853c0177deb48aca') in 0.291114 seconds 
========================================================================
Received Import Request.
  Time since last request: 85.256422 seconds.
  path: Assets/LowPolyOfficeProps_LITE/Meshes
  artifactKey: Guid(90afe3c9aa175af4baf36cbbee84b4d4) Importer(815301076,1909f56bfc062723c751e8b465ee728b)
Start importing Assets/LowPolyOfficeProps_LITE/Meshes using Guid(90afe3c9aa175af4baf36cbbee84b4d4) Importer(815301076,1909f56bfc062723c751e8b465ee728b)  -> (artifact id: '3ba99e539acaedb8c5ce2c8006ca3262') in 0.008199 seconds 
========================================================================
Received Import Request.
  Time since last request: 0.044457 seconds.
  path: Assets/LowPolyOfficeProps_LITE/Meshes/Briefcase.fbx
  artifactKey: Guid(fc010527ef171d14385afc57bd308878) Importer(815301076,1909f56bfc062723c751e8b465ee728b)
Start importing Assets/LowPolyOfficeProps_LITE/Meshes/Briefcase.fbx using Guid(fc010527ef171d14385afc57bd308878) Importer(815301076,1909f56bfc062723c751e8b465ee728b)  -> (artifact id: 'f535265379086efd4b557ac1e5248157') in 0.057889 seconds 
========================================================================
Received Import Request.
  Time since last request: 0.620637 seconds.
  path: Assets/LowPolyOfficeProps_LITE/Meshes/Chair_Conference_Green.fbx
  artifactKey: Guid(361a346e5fbb4bd4395e265c6eeb4379) Importer(815301076,1909f56bfc062723c751e8b465ee728b)
Start importing Assets/LowPolyOfficeProps_LITE/Meshes/Chair_Conference_Green.fbx using Guid(361a346e5fbb4bd4395e265c6eeb4379) Importer(815301076,1909f56bfc062723c751e8b465ee728b)  -> (artifact id: 'd0fff063e122725596b48c49eb4fb634') in 0.033508 seconds 
========================================================================
Received Import Request.
  Time since last request: 0.000030 seconds.
  path: Assets/LowPolyOfficeProps_LITE/Meshes/FilingCabinetThreeStack_Case.fbx
  artifactKey: Guid(bb2647f264e18424b9602c8447ca03b6) Importer(815301076,1909f56bfc062723c751e8b465ee728b)
Start importing Assets/LowPolyOfficeProps_LITE/Meshes/FilingCabinetThreeStack_Case.fbx using Guid(bb2647f264e18424b9602c8447ca03b6) Importer(815301076,1909f56bfc062723c751e8b465ee728b)  -> (artifact id: '82c51cf10f2838d3df8e7c9b96a01385') in 0.031728 seconds 
========================================================================
Received Import Request.
  Time since last request: 0.000028 seconds.
  path: Assets/LowPolyOfficeProps_LITE/Meshes/PenLid.fbx
  artifactKey: Guid(2791141417b6f294b8a96679b36544e5) Importer(815301076,1909f56bfc062723c751e8b465ee728b)
Start importing Assets/LowPolyOfficeProps_LITE/Meshes/PenLid.fbx using Guid(2791141417b6f294b8a96679b36544e5) Importer(815301076,1909f56bfc062723c751e8b465ee728b)  -> (artifact id: '9c0e292e3816a6b904cac92845cf3d6a') in 0.028908 seconds 
========================================================================
Received Import Request.
  Time since last request: 0.000018 seconds.
  path: Assets/LowPolyOfficeProps_LITE/Meshes/Chair_Office_Red.fbx
  artifactKey: Guid(4db76872f713f9e49a4ff20a84736cf1) Importer(815301076,1909f56bfc062723c751e8b465ee728b)
Start importing Assets/LowPolyOfficeProps_LITE/Meshes/Chair_Office_Red.fbx using Guid(4db76872f713f9e49a4ff20a84736cf1) Importer(815301076,1909f56bfc062723c751e8b465ee728b)  -> (artifact id: '31eef6a885d3fe14f92cb7d34f8f81ab') in 0.031628 seconds 
========================================================================
Received Import Request.
  Time since last request: 0.000020 seconds.
  path: Assets/LowPolyOfficeProps_LITE/Meshes/Chair_DeskChair_Violet.fbx
  artifactKey: Guid(b463e86a9f74fe146be2ca40494c6d45) Importer(815301076,1909f56bfc062723c751e8b465ee728b)
Start importing Assets/LowPolyOfficeProps_LITE/Meshes/Chair_DeskChair_Violet.fbx using Guid(b463e86a9f74fe146be2ca40494c6d45) Importer(815301076,1909f56bfc062723c751e8b465ee728b)  -> (artifact id: 'ff7794583e6b07ffb2949ef10ad47475') in 0.027246 seconds 
========================================================================
Received Import Request.
  Time since last request: 0.000021 seconds.
  path: Assets/LowPolyOfficeProps_LITE/Meshes/PlantTypeA.fbx
  artifactKey: Guid(6c75552f90ffa6c4a96c34c57870e878) Importer(815301076,1909f56bfc062723c751e8b465ee728b)
Start importing Assets/LowPolyOfficeProps_LITE/Meshes/PlantTypeA.fbx using Guid(6c75552f90ffa6c4a96c34c57870e878) Importer(815301076,1909f56bfc062723c751e8b465ee728b)  -> (artifact id: 'b220b9480ef326ab795de722b2fbf5ab') in 0.024943 seconds 
========================================================================
Received Import Request.
  Time since last request: 0.000017 seconds.
  path: Assets/LowPolyOfficeProps_LITE/Meshes/Chair_DeskChair_Turquoise.fbx
  artifactKey: Guid(a9edd674eaba05f429ec00cbffb2f451) Importer(815301076,1909f56bfc062723c751e8b465ee728b)
Start importing Assets/LowPolyOfficeProps_LITE/Meshes/Chair_DeskChair_Turquoise.fbx using Guid(a9edd674eaba05f429ec00cbffb2f451) Importer(815301076,1909f56bfc062723c751e8b465ee728b)  -> (artifact id: '7095059660aad5a4403c55ebd965bf3b') in 0.026220 seconds 
========================================================================
Received Import Request.
  Time since last request: 0.000068 seconds.
  path: Assets/LowPolyOfficeProps_LITE/Meshes/Chair_DeskChair_Green.fbx
  artifactKey: Guid(6d832bf52eee2ba45bcaa8a4d367f5a8) Importer(815301076,1909f56bfc062723c751e8b465ee728b)
Start importing Assets/LowPolyOfficeProps_LITE/Meshes/Chair_DeskChair_Green.fbx using Guid(6d832bf52eee2ba45bcaa8a4d367f5a8) Importer(815301076,1909f56bfc062723c751e8b465ee728b)  -> (artifact id: '7c3902b3b86bc664250c8b1ae83d6d9c') in 0.025634 seconds 
========================================================================
Received Import Request.
  Time since last request: 0.000023 seconds.
  path: Assets/LowPolyOfficeProps_LITE/Meshes/Chair_Office_Turquoise.fbx
  artifactKey: Guid(342c39c21ed1cc04ba753e6c8956b102) Importer(815301076,1909f56bfc062723c751e8b465ee728b)
Start importing Assets/LowPolyOfficeProps_LITE/Meshes/Chair_Office_Turquoise.fbx using Guid(342c39c21ed1cc04ba753e6c8956b102) Importer(815301076,1909f56bfc062723c751e8b465ee728b)  -> (artifact id: '7d1f7a09bfca395d6d91a972e8e2ee12') in 0.025153 seconds 
========================================================================
Received Import Request.
  Time since last request: 0.000092 seconds.
  path: Assets/LowPolyOfficeProps_LITE/Meshes/FilingCabinet_Drawer.fbx
  artifactKey: Guid(480530870ee297245a6a5ce0f8259983) Importer(815301076,1909f56bfc062723c751e8b465ee728b)
Start importing Assets/LowPolyOfficeProps_LITE/Meshes/FilingCabinet_Drawer.fbx using Guid(480530870ee297245a6a5ce0f8259983) Importer(815301076,1909f56bfc062723c751e8b465ee728b)  -> (artifact id: '854afef47270f423e0ff47b642d292bd') in 0.024265 seconds 
========================================================================
Received Import Request.
  Time since last request: 0.000041 seconds.
  path: Assets/LowPolyOfficeProps_LITE/Meshes/FilingCabinetSingle_Case.fbx
  artifactKey: Guid(89b3376f602a7df41b53af962018d2c7) Importer(815301076,1909f56bfc062723c751e8b465ee728b)
Start importing Assets/LowPolyOfficeProps_LITE/Meshes/FilingCabinetSingle_Case.fbx using Guid(89b3376f602a7df41b53af962018d2c7) Importer(815301076,1909f56bfc062723c751e8b465ee728b)  -> (artifact id: 'b5f3e4e46e1773092307d45a50368372') in 0.026165 seconds 
========================================================================
Received Import Request.
  Time since last request: 0.000033 seconds.
  path: Assets/LowPolyOfficeProps_LITE/Meshes/Chair_DeskChair_Olive.fbx
  artifactKey: Guid(d42579aeb015e0048a88c69cc6b88ec6) Importer(815301076,1909f56bfc062723c751e8b465ee728b)
Start importing Assets/LowPolyOfficeProps_LITE/Meshes/Chair_DeskChair_Olive.fbx using Guid(d42579aeb015e0048a88c69cc6b88ec6) Importer(815301076,1909f56bfc062723c751e8b465ee728b)  -> (artifact id: 'f3ab9bd01ab8977376e1a9cfa0a296bd') in 0.028224 seconds 
========================================================================
Received Import Request.
  Time since last request: 0.000070 seconds.
  path: Assets/LowPolyOfficeProps_LITE/Meshes/Table_OfficeDesk2.fbx
  artifactKey: Guid(d8967a2bdee296e44ae50cd3f68bed8e) Importer(815301076,1909f56bfc062723c751e8b465ee728b)
Start importing Assets/LowPolyOfficeProps_LITE/Meshes/Table_OfficeDesk2.fbx using Guid(d8967a2bdee296e44ae50cd3f68bed8e) Importer(815301076,1909f56bfc062723c751e8b465ee728b)  -> (artifact id: 'fb02798104598c0eb7ff185d07198fdc') in 0.030660 seconds 
========================================================================
Received Import Request.
  Time since last request: 0.000044 seconds.
  path: Assets/LowPolyOfficeProps_LITE/Meshes/Laptop_Closed.fbx
  artifactKey: Guid(c9a6799bba6d13d429bb5834ff47aeb6) Importer(815301076,1909f56bfc062723c751e8b465ee728b)
Start importing Assets/LowPolyOfficeProps_LITE/Meshes/Laptop_Closed.fbx using Guid(c9a6799bba6d13d429bb5834ff47aeb6) Importer(815301076,1909f56bfc062723c751e8b465ee728b)  -> (artifact id: 'c66d45ca4723bff1dd423c1b8e71cb2e') in 0.025864 seconds 
========================================================================
Received Import Request.
  Time since last request: 0.000066 seconds.
  path: Assets/LowPolyOfficeProps_LITE/Meshes/Chair_Conference_Red.fbx
  artifactKey: Guid(b0b00666ed125cb45bd0dee9ce40cc77) Importer(815301076,1909f56bfc062723c751e8b465ee728b)
Start importing Assets/LowPolyOfficeProps_LITE/Meshes/Chair_Conference_Red.fbx using Guid(b0b00666ed125cb45bd0dee9ce40cc77) Importer(815301076,1909f56bfc062723c751e8b465ee728b)  -> (artifact id: '3fd6277a53a729836eff1a2cb5c4cc07') in 0.028645 seconds 
========================================================================
Received Import Request.
  Time since last request: 0.000020 seconds.
  path: Assets/LowPolyOfficeProps_LITE/Meshes/Chair_DeskChair_Purple.fbx
  artifactKey: Guid(2550a28f8c08b40448be9fa292d18477) Importer(815301076,1909f56bfc062723c751e8b465ee728b)
Start importing Assets/LowPolyOfficeProps_LITE/Meshes/Chair_DeskChair_Purple.fbx using Guid(2550a28f8c08b40448be9fa292d18477) Importer(815301076,1909f56bfc062723c751e8b465ee728b)  -> (artifact id: 'f659646da7c0bf07a4c8a1155a2172b6') in 0.025728 seconds 
========================================================================
Received Import Request.
  Time since last request: 0.000091 seconds.
  path: Assets/LowPolyOfficeProps_LITE/Meshes/Chair_DeskChair_Red.fbx
  artifactKey: Guid(a87ea3574aa2f69489b8de266064eb54) Importer(815301076,1909f56bfc062723c751e8b465ee728b)
Start importing Assets/LowPolyOfficeProps_LITE/Meshes/Chair_DeskChair_Red.fbx using Guid(a87ea3574aa2f69489b8de266064eb54) Importer(815301076,1909f56bfc062723c751e8b465ee728b)  -> (artifact id: 'f190e33b2195d63a68e5537c4ae1055e') in 0.026655 seconds 
========================================================================
Received Import Request.
  Time since last request: 0.000070 seconds.
  path: Assets/LowPolyOfficeProps_LITE/Meshes/Chair_Conference_Purple.fbx
  artifactKey: Guid(8be606ea3a619eb4e9ebd68041a447e3) Importer(815301076,1909f56bfc062723c751e8b465ee728b)
Start importing Assets/LowPolyOfficeProps_LITE/Meshes/Chair_Conference_Purple.fbx using Guid(8be606ea3a619eb4e9ebd68041a447e3) Importer(815301076,1909f56bfc062723c751e8b465ee728b)  -> (artifact id: '48d9ad5645e51057de30c1855dd0bea4') in 0.025979 seconds 
========================================================================
Received Import Request.
  Time since last request: 0.000026 seconds.
  path: Assets/LowPolyOfficeProps_LITE/Meshes/Laptop_Off.fbx
  artifactKey: Guid(330d79396317d234b8cb95659d768fac) Importer(815301076,1909f56bfc062723c751e8b465ee728b)
Start importing Assets/LowPolyOfficeProps_LITE/Meshes/Laptop_Off.fbx using Guid(330d79396317d234b8cb95659d768fac) Importer(815301076,1909f56bfc062723c751e8b465ee728b)  -> (artifact id: '9addfd63f5ac385b4a4905a752b9dde3') in 0.025899 seconds 
========================================================================
Received Import Request.
  Time since last request: 0.000020 seconds.
  path: Assets/LowPolyOfficeProps_LITE/Meshes/Chair_DeskChair.fbx
  artifactKey: Guid(f4b1ea369467152468dd6c6b965182db) Importer(815301076,1909f56bfc062723c751e8b465ee728b)
Start importing Assets/LowPolyOfficeProps_LITE/Meshes/Chair_DeskChair.fbx using Guid(f4b1ea369467152468dd6c6b965182db) Importer(815301076,1909f56bfc062723c751e8b465ee728b)  -> (artifact id: '666bb483b3196341d04da11e8d3c9942') in 0.024739 seconds 
========================================================================
Received Import Request.
  Time since last request: 0.000022 seconds.
  path: Assets/LowPolyOfficeProps_LITE/Meshes/Pen.fbx
  artifactKey: Guid(7198252c898cd824293c4ce71e0b3d6d) Importer(815301076,1909f56bfc062723c751e8b465ee728b)
Start importing Assets/LowPolyOfficeProps_LITE/Meshes/Pen.fbx using Guid(7198252c898cd824293c4ce71e0b3d6d) Importer(815301076,1909f56bfc062723c751e8b465ee728b)  -> (artifact id: '2fa65af18115292292a7cea387d99d27') in 0.024635 seconds 
Editor requested this worker to shutdown with reason: Scaling down because of idle timeout
AssetImportWorker is now disconnected from the server
Process exiting
Exiting without the bug reporter. Application will terminate with return code 0